Arguments: 
  /home/thushima/.nvm/versions/node/v12.20.0/bin/node /home/thushima/.nvm/versions/node/v12.20.0/bin/yarn add @svgr/webpac

PATH: 
  /home/thushima/.pyenv/shims:/home/thushima/.pyenv/bin:/home/thushima/.pyenv/shims:/home/thushima/.pyenv/bin:/home/thushima/.nvm/versions/node/v12.20.0/bin:/home/thushima/.local/bin:/usr/local/sbin:/usr/local/bin:/usr/sbin:/usr/bin:/sbin:/bin:/usr/games:/usr/local/games:/snap/bin:/opt/intellij/bin:/home/thushima/.local/bin:/opt/intellij/bin:/home/thushima/.local/bin

Yarn version: 
  1.22.10

Node version: 
  12.20.0

Platform: 
  linux x64

Trace: 
  Error: https://registry.yarnpkg.com/@svgr%2fwebpac: Not found
      at Request.params.callback [as _callback] (/home/thushima/.nvm/versions/node/v12.20.0/lib/node_modules/yarn/lib/cli.js:66988:18)
      at Request.self.callback (/home/thushima/.nvm/versions/node/v12.20.0/lib/node_modules/yarn/lib/cli.js:140662:22)
      at Request.emit (events.js:314:20)
      at Request.<anonymous> (/home/thushima/.nvm/versions/node/v12.20.0/lib/node_modules/yarn/lib/cli.js:141634:10)
      at Request.emit (events.js:314:20)
      at IncomingMessage.<anonymous> (/home/thushima/.nvm/versions/node/v12.20.0/lib/node_modules/yarn/lib/cli.js:141556:12)
      at Object.onceWrapper (events.js:420:28)
      at IncomingMessage.emit (events.js:326:22)
      at endReadableNT (_stream_readable.js:1241:12)
      at processTicksAndRejections (internal/process/task_queues.js:84:21)

npm manifest: 
  {
    "devDependencies": {
      "typescript": "^4.2.4"
    }
  }

yarn manifest: 
  No manifest

Lockfile: 
  # THIS IS AN AUTOGENERATED FILE. DO NOT EDIT THIS FILE DIRECTLY.
  # yarn lockfile v1
  
  
  typescript@^4.2.4:
    version "4.2.4"
    resolved "https://registry.yarnpkg.com/typescript/-/typescript-4.2.4.tgz#8610b59747de028fda898a8aef0e103f156d0961"
    integrity sha512-V+evlYHZnQkaz8TRBuxTA92yZBPotr5H+WhQ7bD3hZUndx5tGOa1fuCgeSjxAzM1RiN5IzvadIXTVefuuwZCRg==
